<?xml version="1.0" encoding="UTF-8"?>
<!-- Generated by org.testng.reporters.JUnitReportReporter -->
<testsuite skipped="0" hostname="DESKTOP-TLNVACJ" name="testScenarios.UrbanLadder" tests="66" failures="0" timestamp="28 Nov 2020 08:52:59 GMT" time="305.143" errors="0">
  <testcase name="operationSearchBar" time="9.242" classname="testScenarios.UrbanLadder"/>
  <testcase name="operationSearchBar" time="8.812" classname="testScenarios.UrbanLadder"/>
  <testcase name="operationSearchBar" time="9.219" classname="testScenarios.UrbanLadder"/>
  <testcase name="operationSearchBar" time="9.500" classname="testScenarios.UrbanLadder"/>
  <testcase name="operationCategoryMenu" time="9.760" classname="testScenarios.UrbanLadder"/>
  <testcase name="operationCategoryMenu" time="10.014" classname="testScenarios.UrbanLadder"/>
  <testcase name="operationCategoryMenu" time="10.074" classname="testScenarios.UrbanLadder"/>
  <testcase name="operationCategoryMenu" time="10.089" classname="testScenarios.UrbanLadder"/>
  <testcase name="operationPriceSelect" time="2.238" classname="testScenarios.UrbanLadder"/>
  <testcase name="operationPriceSelect" time="2.180" classname="testScenarios.UrbanLadder"/>
  <testcase name="operationPriceSelect" time="1.843" classname="testScenarios.UrbanLadder"/>
  <testcase name="operationPriceSelect" time="1.844" classname="testScenarios.UrbanLadder"/>
  <testcase name="operationStorageSelect" time="6.981" classname="testScenarios.UrbanLadder"/>
  <testcase name="operationStorageSelect" time="7.086" classname="testScenarios.UrbanLadder"/>
  <testcase name="operationStorageSelect" time="7.272" classname="testScenarios.UrbanLadder"/>
  <testcase name="operationStorageSelect" time="7.111" classname="testScenarios.UrbanLadder"/>
  <testcase name="print" time="8.498" classname="testScenarios.UrbanLadder"/>
  <testcase name="print" time="8.896" classname="testScenarios.UrbanLadder"/>
  <testcase name="print" time="8.001" classname="testScenarios.UrbanLadder"/>
  <testcase name="print" time="8.060" classname="testScenarios.UrbanLadder"/>
  <testcase name="testCaseReadExl" time="0.128" classname="testScenarios.UrbanLadder"/>
  <testcase name="testCaseReadExl" time="0.069" classname="testScenarios.UrbanLadder"/>
  <testcase name="operationSearch" time="8.844" classname="testScenarios.UrbanLadder"/>
  <testcase name="operationSearch" time="8.860" classname="testScenarios.UrbanLadder"/>
  <testcase name="operationCategory" time="1.823" classname="testScenarios.UrbanLadder"/>
  <testcase name="operationCategory" time="1.934" classname="testScenarios.UrbanLadder"/>
  <testcase name="operationPrice" time="7.292" classname="testScenarios.UrbanLadder"/>
  <testcase name="operationPrice" time="7.678" classname="testScenarios.UrbanLadder"/>
  <testcase name="operationStorage" time="5.563" classname="testScenarios.UrbanLadder"/>
  <testcase name="operationStorage" time="5.501" classname="testScenarios.UrbanLadder"/>
  <testcase name="operationstock" time="8.712" classname="testScenarios.UrbanLadder"/>
  <testcase name="operationstock" time="8.725" classname="testScenarios.UrbanLadder"/>
  <testcase name="toExcelWrite" time="0.392" classname="testScenarios.UrbanLadder"/>
  <testcase name="toExcelWrite" time="0.290" classname="testScenarios.UrbanLadder"/>
  <testcase name="getBeingAtHomeCollections" time="4.056" classname="testScenarios.UrbanLadder"/>
  <testcase name="getBeingAtHomeCollections" time="4.135" classname="testScenarios.UrbanLadder"/>
  <testcase name="testcase_clickGiftCards" time="5.081" classname="testScenarios.UrbanLadder"/>
  <testcase name="testcase_clickGiftCards" time="6.075" classname="testScenarios.UrbanLadder"/>
  <testcase name="testcase_selectGiftCards" time="1.125" classname="testScenarios.UrbanLadder"/>
  <testcase name="testcase_selectGiftCards" time="1.116" classname="testScenarios.UrbanLadder"/>
  <testcase name="testcase_customiseGiftCard" time="0.441" classname="testScenarios.UrbanLadder"/>
  <testcase name="testcase_customiseGiftCard" time="0.440" classname="testScenarios.UrbanLadder"/>
  <testcase name="testcase_FillDetails" time="5.184" classname="testScenarios.UrbanLadder"/>
  <testcase name="testcase_FillDetails" time="5.159" classname="testScenarios.UrbanLadder"/>
  <testcase name="errorMessage" time="0.616" classname="testScenarios.UrbanLadder"/>
  <testcase name="errorMessage" time="0.603" classname="testScenarios.UrbanLadder"/>
  <testcase name="write_ErrorMessage" time="0.086" classname="testScenarios.UrbanLadder"/>
  <testcase name="write_ErrorMessage" time="0.052" classname="testScenarios.UrbanLadder"/>
  <testcase name="ScreenShot" time="0.545" classname="testScenarios.UrbanLadder"/>
  <testcase name="ScreenShot" time="0.523" classname="testScenarios.UrbanLadder"/>
  <testcase name="testcase_readExcelDataValid" time="0.043" classname="testScenarios.UrbanLadder"/>
  <testcase name="testcase_readExcelDataValid" time="0.051" classname="testScenarios.UrbanLadder"/>
  <testcase name="testcase_FillValidDetails" time="1.137" classname="testScenarios.UrbanLadder"/>
  <testcase name="testcase_FillValidDetails" time="1.003" classname="testScenarios.UrbanLadder"/>
  <testcase name="proceedToPayment" time="8.730" classname="testScenarios.UrbanLadder"/>
  <testcase name="proceedToPayment" time="8.744" classname="testScenarios.UrbanLadder"/>
  <testcase name="studyChairSearch" time="3.212" classname="testScenarios.UrbanLadder"/>
  <testcase name="studyChairSearch" time="2.482" classname="testScenarios.UrbanLadder"/>
  <testcase name="studyChairSearch" time="3.374" classname="testScenarios.UrbanLadder"/>
  <testcase name="studyChairSearch" time="2.863" classname="testScenarios.UrbanLadder"/>
  <testcase name="operationSortBy" time="0.446" classname="testScenarios.UrbanLadder"/>
  <testcase name="operationSortBy" time="0.570" classname="testScenarios.UrbanLadder"/>
  <testcase name="operationSortBy" time="0.466" classname="testScenarios.UrbanLadder"/>
  <testcase name="StudyChairprint" time="8.188" classname="testScenarios.UrbanLadder"/>
  <testcase name="StudyChairprint" time="8.021" classname="testScenarios.UrbanLadder"/>
  <testcase name="StudyChairprint" time="8.045" classname="testScenarios.UrbanLadder"/>
</testsuite> <!-- testScenarios.UrbanLadder -->
