<?xml version="1.0" encoding="UTF-8"?>
<testsuite xmlns:xsi="http://www.w3.org/2001/XMLSchema-instance" xsi:noNamespaceSchemaLocation="https://maven.apache.org/surefire/maven-surefire-plugin/xsd/surefire-test-report.xsd" name="TestSuite" time="348.665" tests="66" errors="0" skipped="0" failures="0">
  <properties>
    <property name="java.runtime.name" value="Java(TM) SE Runtime Environment"/>
    <property name="sun.boot.library.path" value="C:\Program Files\Java\jre1.8.0_111\bin"/>
    <property name="java.vm.version" value="25.111-b14"/>
    <property name="java.vm.vendor" value="Oracle Corporation"/>
    <property name="maven.multiModuleProjectDirectory" value="C:\Users\JIBIN JOSE\workspace\BinaryBeasts"/>
    <property name="java.vendor.url" value="http://java.oracle.com/"/>
    <property name="path.separator" value=";"/>
    <property name="guice.disable.misplaced.annotation.check" value="true"/>
    <property name="java.vm.name" value="Java HotSpot(TM) 64-Bit Server VM"/>
    <property name="file.encoding.pkg" value="sun.io"/>
    <property name="user.script" value=""/>
    <property name="user.country" value="IN"/>
    <property name="sun.java.launcher" value="SUN_STANDARD"/>
    <property name="sun.os.patch.level" value=""/>
    <property name="java.vm.specification.name" value="Java Virtual Machine Specification"/>
    <property name="user.dir" value="C:\Users\JIBIN JOSE\workspace\BinaryBeasts"/>
    <property name="java.runtime.version" value="1.8.0_111-b14"/>
    <property name="java.awt.graphicsenv" value="sun.awt.Win32GraphicsEnvironment"/>
    <property name="java.endorsed.dirs" value="C:\Program Files\Java\jre1.8.0_111\lib\endorsed"/>
    <property name="os.arch" value="amd64"/>
    <property name="java.io.tmpdir" value="C:\Users\JIBINJ~1\AppData\Local\Temp\"/>
    <property name="line.separator" value="&#10;"/>
    <property name="java.vm.specification.vendor" value="Oracle Corporation"/>
    <property name="user.variant" value=""/>
    <property name="os.name" value="Windows 10"/>
    <property name="classworlds.conf" value="C:\Users\JIBIN JOSE\workspace\.metadata\.plugins\org.eclipse.m2e.launching\launches\m2conf8302371858743663095.tmp"/>
    <property name="sun.jnu.encoding" value="Cp1252"/>
    <property name="java.library.path" value="C:\Program Files\Java\jre1.8.0_111\bin;C:\Windows\Sun\Java\bin;C:\Windows\system32;C:\Windows;C:/Program Files/Java/jre1.8.0_111/bin/server;C:/Program Files/Java/jre1.8.0_111/bin;C:/Program Files/Java/jre1.8.0_111/lib/amd64;C:\ProgramData\Oracle\Java\javapath;C:\Program Files (x86)\NVIDIA Corporation\PhysX\Common;C:\Program Files\Python38\Scripts\;C:\Program Files\Python38\;C:\Windows\system32;C:\Windows;C:\Windows\System32\Wbem;C:\Windows\System32\WindowsPowerShell\v1.0\;C:\Windows\System32\OpenSSH\;C:\Program Files (x86)\AOMEI Backupper;C:\Program Files\Java\jdk1.8.0_111\bin\;C:\apache-maven-3.6.3\bin;C:\Program Files\Git\cmd;C:\Users\JIBIN JOSE\AppData\Local\Microsoft\WindowsApps;;C:\eclipse;;."/>
    <property name="java.specification.name" value="Java Platform API Specification"/>
    <property name="java.class.version" value="52.0"/>
    <property name="sun.management.compiler" value="HotSpot 64-Bit Tiered Compilers"/>
    <property name="os.version" value="10.0"/>
    <property name="user.home" value="C:\Users\JIBIN JOSE"/>
    <property name="user.timezone" value="Asia/Calcutta"/>
    <property name="java.awt.printerjob" value="sun.awt.windows.WPrinterJob"/>
    <property name="java.specification.version" value="1.8"/>
    <property name="file.encoding" value="Cp1252"/>
    <property name="user.name" value="JIBIN JOSE"/>
    <property name="java.class.path" value="/C:/eclipse/plugins/org.eclipse.m2e.maven.runtime_1.7.0.20160603-1931/jars/plexus-classworlds-2.5.2.jar"/>
    <property name="java.vm.specification.version" value="1.8"/>
    <property name="sun.arch.data.model" value="64"/>
    <property name="java.home" value="C:\Program Files\Java\jre1.8.0_111"/>
    <property name="sun.java.command" value="org.codehaus.plexus.classworlds.launcher.Launcher -B test"/>
    <property name="java.specification.vendor" value="Oracle Corporation"/>
    <property name="user.language" value="en"/>
    <property name="awt.toolkit" value="sun.awt.windows.WToolkit"/>
    <property name="java.vm.info" value="mixed mode"/>
    <property name="java.version" value="1.8.0_111"/>
    <property name="java.ext.dirs" value="C:\Program Files\Java\jre1.8.0_111\lib\ext;C:\Windows\Sun\Java\lib\ext"/>
    <property name="sun.boot.class.path" value="C:\Program Files\Java\jre1.8.0_111\lib\resources.jar;C:\Program Files\Java\jre1.8.0_111\lib\rt.jar;C:\Program Files\Java\jre1.8.0_111\lib\sunrsasign.jar;C:\Program Files\Java\jre1.8.0_111\lib\jsse.jar;C:\Program Files\Java\jre1.8.0_111\lib\jce.jar;C:\Program Files\Java\jre1.8.0_111\lib\charsets.jar;C:\Program Files\Java\jre1.8.0_111\lib\jfr.jar;C:\Program Files\Java\jre1.8.0_111\classes"/>
    <property name="java.vendor" value="Oracle Corporation"/>
    <property name="maven.home" value="C:\Users\JIBIN JOSE\workspace\BinaryBeasts\EMBEDDED"/>
    <property name="file.separator" value="\"/>
    <property name="java.vendor.url.bug" value="http://bugreport.sun.com/bugreport/"/>
    <property name="sun.cpu.endian" value="little"/>
    <property name="sun.io.unicode.encoding" value="UnicodeLittle"/>
    <property name="sun.desktop" value="windows"/>
    <property name="sun.cpu.isalist" value="amd64"/>
  </properties>
  <testcase name="operationSearchBar" classname="testScenarios.UrbanLadder" time="9.248"/>
  <testcase name="operationSearchBar" classname="testScenarios.UrbanLadder" time="9.501"/>
  <testcase name="operationSearchBar" classname="testScenarios.UrbanLadder" time="8.811"/>
  <testcase name="operationSearchBar" classname="testScenarios.UrbanLadder" time="9.219"/>
  <testcase name="operationCategoryMenu" classname="testScenarios.UrbanLadder" time="10.01"/>
  <testcase name="operationCategoryMenu" classname="testScenarios.UrbanLadder" time="10.09"/>
  <testcase name="operationCategoryMenu" classname="testScenarios.UrbanLadder" time="10.073"/>
  <testcase name="operationCategoryMenu" classname="testScenarios.UrbanLadder" time="9.761"/>
  <testcase name="operationPriceSelect" classname="testScenarios.UrbanLadder" time="2.18"/>
  <testcase name="operationPriceSelect" classname="testScenarios.UrbanLadder" time="1.844"/>
  <testcase name="operationPriceSelect" classname="testScenarios.UrbanLadder" time="1.843"/>
  <testcase name="operationPriceSelect" classname="testScenarios.UrbanLadder" time="2.238"/>
  <testcase name="operationStorageSelect" classname="testScenarios.UrbanLadder" time="7.273"/>
  <testcase name="operationStorageSelect" classname="testScenarios.UrbanLadder" time="7.111"/>
  <testcase name="operationStorageSelect" classname="testScenarios.UrbanLadder" time="6.981"/>
  <testcase name="operationStorageSelect" classname="testScenarios.UrbanLadder" time="7.087"/>
  <testcase name="print" classname="testScenarios.UrbanLadder" time="8.896"/>
  <testcase name="print" classname="testScenarios.UrbanLadder" time="8.498"/>
  <testcase name="print" classname="testScenarios.UrbanLadder" time="8.06"/>
  <testcase name="print" classname="testScenarios.UrbanLadder" time="8.002"/>
  <testcase name="testCaseReadExl" classname="testScenarios.UrbanLadder" time="0.128"/>
  <testcase name="testCaseReadExl" classname="testScenarios.UrbanLadder" time="0.07"/>
  <testcase name="operationSearch" classname="testScenarios.UrbanLadder" time="8.845"/>
  <testcase name="operationSearch" classname="testScenarios.UrbanLadder" time="8.86"/>
  <testcase name="operationCategory" classname="testScenarios.UrbanLadder" time="1.935"/>
  <testcase name="operationCategory" classname="testScenarios.UrbanLadder" time="1.822"/>
  <testcase name="operationPrice" classname="testScenarios.UrbanLadder" time="7.678"/>
  <testcase name="operationPrice" classname="testScenarios.UrbanLadder" time="7.293"/>
  <testcase name="operationStorage" classname="testScenarios.UrbanLadder" time="5.562"/>
  <testcase name="operationStorage" classname="testScenarios.UrbanLadder" time="5.502"/>
  <testcase name="operationstock" classname="testScenarios.UrbanLadder" time="8.711"/>
  <testcase name="operationstock" classname="testScenarios.UrbanLadder" time="8.725"/>
  <testcase name="toExcelWrite" classname="testScenarios.UrbanLadder" time="0.392"/>
  <testcase name="toExcelWrite" classname="testScenarios.UrbanLadder" time="0.29"/>
  <testcase name="getBeingAtHomeCollections" classname="testScenarios.UrbanLadder" time="4.135"/>
  <testcase name="getBeingAtHomeCollections" classname="testScenarios.UrbanLadder" time="4.056"/>
  <testcase name="testcase_clickGiftCards" classname="testScenarios.UrbanLadder" time="6.075"/>
  <testcase name="testcase_clickGiftCards" classname="testScenarios.UrbanLadder" time="5.081"/>
  <testcase name="testcase_selectGiftCards" classname="testScenarios.UrbanLadder" time="1.116"/>
  <testcase name="testcase_selectGiftCards" classname="testScenarios.UrbanLadder" time="1.125"/>
  <testcase name="testcase_customiseGiftCard" classname="testScenarios.UrbanLadder" time="0.441"/>
  <testcase name="testcase_customiseGiftCard" classname="testScenarios.UrbanLadder" time="0.441"/>
  <testcase name="testcase_FillDetails" classname="testScenarios.UrbanLadder" time="5.184"/>
  <testcase name="testcase_FillDetails" classname="testScenarios.UrbanLadder" time="5.159"/>
  <testcase name="errorMessage" classname="testScenarios.UrbanLadder" time="0.616"/>
  <testcase name="errorMessage" classname="testScenarios.UrbanLadder" time="0.604"/>
  <testcase name="write_ErrorMessage" classname="testScenarios.UrbanLadder" time="0.085"/>
  <testcase name="write_ErrorMessage" classname="testScenarios.UrbanLadder" time="0.052"/>
  <testcase name="ScreenShot" classname="testScenarios.UrbanLadder" time="0.545"/>
  <testcase name="ScreenShot" classname="testScenarios.UrbanLadder" time="0.523"/>
  <testcase name="testcase_readExcelDataValid" classname="testScenarios.UrbanLadder" time="0.051"/>
  <testcase name="testcase_readExcelDataValid" classname="testScenarios.UrbanLadder" time="0.043"/>
  <testcase name="testcase_FillValidDetails" classname="testScenarios.UrbanLadder" time="1.137"/>
  <testcase name="testcase_FillValidDetails" classname="testScenarios.UrbanLadder" time="1.003"/>
  <testcase name="proceedToPayment" classname="testScenarios.UrbanLadder" time="8.744"/>
  <testcase name="proceedToPayment" classname="testScenarios.UrbanLadder" time="8.73"/>
  <testcase name="studyChairSearch" classname="testScenarios.UrbanLadder" time="3.212"/>
  <testcase name="studyChairSearch" classname="testScenarios.UrbanLadder" time="3.374"/>
  <testcase name="studyChairSearch" classname="testScenarios.UrbanLadder" time="2.863"/>
  <testcase name="studyChairSearch" classname="testScenarios.UrbanLadder" time="2.483"/>
  <testcase name="operationSortBy" classname="testScenarios.UrbanLadder" time="0.569"/>
  <testcase name="operationSortBy" classname="testScenarios.UrbanLadder" time="0.466"/>
  <testcase name="operationSortBy" classname="testScenarios.UrbanLadder" time="0.447"/>
  <testcase name="StudyChairprint" classname="testScenarios.UrbanLadder" time="8.023"/>
  <testcase name="StudyChairprint" classname="testScenarios.UrbanLadder" time="8.045"/>
  <testcase name="StudyChairprint" classname="testScenarios.UrbanLadder" time="8.188"/>
</testsuite>